{"level":"info","message":"The server is running in : 3000","timestamp":"2021-02-05T04:18:45.783Z"}
{"level":"info","message":"The server is running in : 3000","timestamp":"2021-02-05T04:18:56.118Z"}
{"level":"error","message":"ValidationError: \"name\" must only contain alpha-numeric characters","timestamp":"2021-02-05T04:19:05.394Z"}
{"level":"error","message":"ValidationError: \"name\" must only contain alpha-numeric characters","timestamp":"2021-02-05T04:20:07.852Z"}
{"level":"info","message":"The server is running in : 3000","timestamp":"2021-02-05T04:20:50.870Z"}
{"level":"info","message":"The server is running in : 3000","timestamp":"2021-02-05T04:21:01.920Z"}
{"level":"info","message":"The server is running in : 3000","timestamp":"2021-02-05T04:21:34.457Z"}
{"level":"error","message":"ValidationError: \"name\" must only contain alpha-numeric characters","timestamp":"2021-02-05T04:21:37.217Z"}
{"error":{},"level":"error","message":"uncaughtException: Joi.string(...).integer is not a function\nTypeError: Joi.string(...).integer is not a function\n    at Object.<anonymous> (C:\\Users\\Daniel\\Documents\\employees-api\\utils\\validations\\models\\employeesSchema.js:21:10)\n    at Module._compile (internal/modules/cjs/loader.js:1063:30)\n    at Object.Module._extensions..js (internal/modules/cjs/loader.js:1092:10)\n    at Module.load (internal/modules/cjs/loader.js:928:32)\n    at Function.Module._load (internal/modules/cjs/loader.js:769:14)\n    at Module.require (internal/modules/cjs/loader.js:952:19)\n    at require (internal/modules/cjs/helpers.js:88:18)\n    at Object.<anonymous> (C:\\Users\\Daniel\\Documents\\employees-api\\controller\\EmployeesController.js:4:29)\n    at Module._compile (internal/modules/cjs/loader.js:1063:30)\n    at Object.Module._extensions..js (internal/modules/cjs/loader.js:1092:10)","stack":"TypeError: Joi.string(...).integer is not a function\n    at Object.<anonymous> (C:\\Users\\Daniel\\Documents\\employees-api\\utils\\validations\\models\\employeesSchema.js:21:10)\n    at Module._compile (internal/modules/cjs/loader.js:1063:30)\n    at Object.Module._extensions..js (internal/modules/cjs/loader.js:1092:10)\n    at Module.load (internal/modules/cjs/loader.js:928:32)\n    at Function.Module._load (internal/modules/cjs/loader.js:769:14)\n    at Module.require (internal/modules/cjs/loader.js:952:19)\n    at require (internal/modules/cjs/helpers.js:88:18)\n    at Object.<anonymous> (C:\\Users\\Daniel\\Documents\\employees-api\\controller\\EmployeesController.js:4:29)\n    at Module._compile (internal/modules/cjs/loader.js:1063:30)\n    at Object.Module._extensions..js (internal/modules/cjs/loader.js:1092:10)","exception":true,"date":"Fri Feb 05 2021 01:21:46 GMT-0300 (Horário Padrão de Brasília)","process":{"pid":10196,"uid":null,"gid":null,"cwd":"C:\\Users\\Daniel\\Documents\\employees-api","execPath":"C:\\Program Files\\nodejs\\node.exe","version":"v14.15.0","argv":["C:\\Program Files\\nodejs\\node.exe","C:\\Users\\Daniel\\Documents\\employees-api\\index.js"],"memoryUsage":{"rss":55312384,"heapTotal":32047104,"heapUsed":19533720,"external":1818313,"arrayBuffers":291452}},"os":{"loadavg":[0,0,0],"uptime":8640},"trace":[{"column":10,"file":"C:\\Users\\Daniel\\Documents\\employees-api\\utils\\validations\\models\\employeesSchema.js","function":null,"line":21,"method":null,"native":false},{"column":30,"file":"internal/modules/cjs/loader.js","function":"Module._compile","line":1063,"method":"_compile","native":false},{"column":10,"file":"internal/modules/cjs/loader.js","function":"Module._extensions..js","line":1092,"method":".js","native":false},{"column":32,"file":"internal/modules/cjs/loader.js","function":"Module.load","line":928,"method":"load","native":false},{"column":14,"file":"internal/modules/cjs/loader.js","function":"Module._load","line":769,"method":"_load","native":false},{"column":19,"file":"internal/modules/cjs/loader.js","function":"Module.require","line":952,"method":"require","native":false},{"column":18,"file":"internal/modules/cjs/helpers.js","function":"require","line":88,"method":null,"native":false},{"column":29,"file":"C:\\Users\\Daniel\\Documents\\employees-api\\controller\\EmployeesController.js","function":null,"line":4,"method":null,"native":false},{"column":30,"file":"internal/modules/cjs/loader.js","function":"Module._compile","line":1063,"method":"_compile","native":false},{"column":10,"file":"internal/modules/cjs/loader.js","function":"Module._extensions..js","line":1092,"method":".js","native":false}],"timestamp":"2021-02-05T04:21:46.131Z"}
{"level":"info","message":"The server is running in : 3000","timestamp":"2021-02-05T04:21:53.666Z"}
{"level":"error","message":"ValidationError: \"name\" must only contain alpha-numeric characters","timestamp":"2021-02-05T04:21:57.124Z"}
{"level":"info","message":"The server is running in : 3000","timestamp":"2021-02-05T04:22:04.983Z"}
{"level":"info","message":"The server is running in : 3000","timestamp":"2021-02-05T04:22:26.174Z"}
{"level":"error","message":"ValidationError: \"name\" must only contain alpha-numeric characters","timestamp":"2021-02-05T04:22:28.030Z"}
{"level":"error","message":"ValidationError: \"name\" must only contain alpha-numeric characters","timestamp":"2021-02-05T04:22:39.440Z"}
{"level":"info","message":"The server is running in : 3000","timestamp":"2021-02-05T04:22:59.139Z"}
{"level":"error","message":"ValidationError: \"name\" must only contain alpha-numeric characters","timestamp":"2021-02-05T04:23:02.911Z"}
{"level":"info","message":"The server is running in : 3000","timestamp":"2021-02-05T04:26:17.164Z"}
{"level":"error","message":"ValidationError: \"name\" must only contain alpha-numeric characters","timestamp":"2021-02-05T04:26:19.648Z"}
{"level":"info","message":"The server is running in : 3000","timestamp":"2021-02-05T04:26:37.782Z"}
{"level":"error","message":"ValidationError: \"name\" must only contain alpha-numeric characters","timestamp":"2021-02-05T04:26:38.813Z"}
{"level":"error","message":"ValidationError: \"name\" must only contain alpha-numeric characters","timestamp":"2021-02-05T04:26:48.012Z"}
{"level":"info","message":"The server is running in : 3000","timestamp":"2021-02-05T04:26:59.713Z"}
{"level":"info","message":"The server is running in : 3000","timestamp":"2021-02-05T04:28:33.321Z"}
{"level":"info","message":"The server is running in : 3000","timestamp":"2021-02-05T04:28:40.790Z"}
{"level":"error","message":"ValidationError: \"name\" must only contain alpha-numeric characters","timestamp":"2021-02-05T04:28:45.595Z"}
{"level":"info","message":"The server is running in : 3000","timestamp":"2021-02-05T04:28:53.858Z"}
{"level":"info","message":"The server is running in : 3000","timestamp":"2021-02-05T04:29:23.878Z"}
{"level":"info","message":"The server is running in : 3000","timestamp":"2021-02-05T04:29:42.996Z"}
{"level":"error","message":"ValidationError: \"name\" must only contain alpha-numeric characters","timestamp":"2021-02-05T04:29:45.281Z"}
{"level":"info","message":"The server is running in : 3000","timestamp":"2021-02-05T04:30:41.914Z"}
{"level":"info","message":"The server is running in : 3000","timestamp":"2021-02-05T04:32:48.380Z"}
{"level":"error","message":"ValidationError: \"name\" must only contain alpha-numeric characters","timestamp":"2021-02-05T04:32:52.041Z"}
{"error":{},"level":"error","message":"uncaughtException: Unexpected identifier\nC:\\Users\\Daniel\\Documents\\employees-api\\utils\\validations\\models\\employeesSchema.js:23\n    createdAt: Joi.string()\n    ^^^^^^^^^\n\nSyntaxError: Unexpected identifier\n    at wrapSafe (internal/modules/cjs/loader.js:979:16)\n    at Module._compile (internal/modules/cjs/loader.js:1027:27)\n    at Object.Module._extensions..js (internal/modules/cjs/loader.js:1092:10)\n    at Module.load (internal/modules/cjs/loader.js:928:32)\n    at Function.Module._load (internal/modules/cjs/loader.js:769:14)\n    at Module.require (internal/modules/cjs/loader.js:952:19)\n    at require (internal/modules/cjs/helpers.js:88:18)\n    at Object.<anonymous> (C:\\Users\\Daniel\\Documents\\employees-api\\controller\\EmployeesController.js:4:30)\n    at Module._compile (internal/modules/cjs/loader.js:1063:30)\n    at Object.Module._extensions..js (internal/modules/cjs/loader.js:1092:10)","stack":"C:\\Users\\Daniel\\Documents\\employees-api\\utils\\validations\\models\\employeesSchema.js:23\n    createdAt: Joi.string()\n    ^^^^^^^^^\n\nSyntaxError: Unexpected identifier\n    at wrapSafe (internal/modules/cjs/loader.js:979:16)\n    at Module._compile (internal/modules/cjs/loader.js:1027:27)\n    at Object.Module._extensions..js (internal/modules/cjs/loader.js:1092:10)\n    at Module.load (internal/modules/cjs/loader.js:928:32)\n    at Function.Module._load (internal/modules/cjs/loader.js:769:14)\n    at Module.require (internal/modules/cjs/loader.js:952:19)\n    at require (internal/modules/cjs/helpers.js:88:18)\n    at Object.<anonymous> (C:\\Users\\Daniel\\Documents\\employees-api\\controller\\EmployeesController.js:4:30)\n    at Module._compile (internal/modules/cjs/loader.js:1063:30)\n    at Object.Module._extensions..js (internal/modules/cjs/loader.js:1092:10)","exception":true,"date":"Fri Feb 05 2021 01:33:46 GMT-0300 (Horário Padrão de Brasília)","process":{"pid":11788,"uid":null,"gid":null,"cwd":"C:\\Users\\Daniel\\Documents\\employees-api","execPath":"C:\\Program Files\\nodejs\\node.exe","version":"v14.15.0","argv":["C:\\Program Files\\nodejs\\node.exe","C:\\Users\\Daniel\\Documents\\employees-api\\index.js"],"memoryUsage":{"rss":51474432,"heapTotal":31260672,"heapUsed":19280264,"external":2173200,"arrayBuffers":646339}},"os":{"loadavg":[0,0,0],"uptime":9360},"trace":[{"column":16,"file":"internal/modules/cjs/loader.js","function":"wrapSafe","line":979,"method":null,"native":false},{"column":27,"file":"internal/modules/cjs/loader.js","function":"Module._compile","line":1027,"method":"_compile","native":false},{"column":10,"file":"internal/modules/cjs/loader.js","function":"Module._extensions..js","line":1092,"method":".js","native":false},{"column":32,"file":"internal/modules/cjs/loader.js","function":"Module.load","line":928,"method":"load","native":false},{"column":14,"file":"internal/modules/cjs/loader.js","function":"Module._load","line":769,"method":"_load","native":false},{"column":19,"file":"internal/modules/cjs/loader.js","function":"Module.require","line":952,"method":"require","native":false},{"column":18,"file":"internal/modules/cjs/helpers.js","function":"require","line":88,"method":null,"native":false},{"column":30,"file":"C:\\Users\\Daniel\\Documents\\employees-api\\controller\\EmployeesController.js","function":null,"line":4,"method":null,"native":false},{"column":30,"file":"internal/modules/cjs/loader.js","function":"Module._compile","line":1063,"method":"_compile","native":false},{"column":10,"file":"internal/modules/cjs/loader.js","function":"Module._extensions..js","line":1092,"method":".js","native":false}],"timestamp":"2021-02-05T04:33:46.466Z"}
{"level":"info","message":"The server is running in : 3000","timestamp":"2021-02-05T04:33:52.461Z"}
{"level":"info","message":"The server is running in : 3000","timestamp":"2021-02-05T04:34:47.748Z"}
{"level":"error","message":"ReferenceError: employeesSchema is not defined","timestamp":"2021-02-05T04:34:51.510Z"}
{"level":"error","message":"ReferenceError: employeesSchema is not defined","timestamp":"2021-02-05T04:34:59.478Z"}
{"level":"info","message":"The server is running in : 3000","timestamp":"2021-02-05T04:35:17.513Z"}
{"level":"error","message":"ValidationError: \"name\" must only contain alpha-numeric characters","timestamp":"2021-02-05T04:35:19.333Z"}
{"level":"error","message":"ValidationError: \"name\" must only contain alpha-numeric characters","timestamp":"2021-02-05T04:35:24.262Z"}
{"level":"info","message":"The server is running in : 3000","timestamp":"2021-02-05T04:35:59.140Z"}
