{"level":"info","message":"The server is running in : 3000","timestamp":"2021-10-21T22:38:50.266Z"}
{"level":"info","message":"The server is running in : 3000","timestamp":"2021-10-21T22:38:59.560Z"}
{"level":"info","message":"The server is running in : 3000","timestamp":"2021-10-21T22:39:29.679Z"}
{"level":"info","message":"The server is running in : 3000","timestamp":"2021-10-21T22:40:16.209Z"}
{"level":"error","timestamp":"2021-10-21T22:40:30.128Z"}
{"level":"info","message":"The server is running in : 3000","timestamp":"2021-10-21T22:40:42.997Z"}
{"level":"info","message":"The server is running in : 3000","timestamp":"2021-10-21T22:41:01.328Z"}
{"level":"info","message":"The server is running in : 3000","timestamp":"2021-10-21T22:41:11.106Z"}
{"level":"info","message":"The server is running in : 3000","timestamp":"2021-10-21T22:41:20.797Z"}
{"level":"info","message":"The server is running in : 3000","timestamp":"2021-10-21T22:41:35.315Z"}
{"level":"info","message":"The server is running in : 3000","timestamp":"2021-10-21T22:41:39.946Z"}
{"level":"info","message":"The server is running in : 3000","timestamp":"2021-10-21T22:41:50.028Z"}
{"level":"info","message":"The server is running in : 3000","timestamp":"2021-10-21T22:42:39.972Z"}
{"level":"info","message":"The server is running in : 3000","timestamp":"2021-10-21T22:42:43.965Z"}
{"code":"ERR_HTTP_HEADERS_SENT","level":"error","timestamp":"2021-10-21T22:42:47.030Z"}
{"level":"info","message":"The server is running in : 3000","timestamp":"2021-10-21T22:43:11.227Z"}
{"level":"info","message":"The server is running in : 3000","timestamp":"2021-10-21T22:44:09.282Z"}
{"level":"info","message":"The server is running in : 3000","timestamp":"2021-10-21T22:44:35.901Z"}
{"level":"info","message":"The server is running in : 3000","timestamp":"2021-10-21T22:58:04.259Z"}
{"level":"error","message":"Not Found","timestamp":"2021-10-21T22:58:38.367Z"}
{"level":"info","message":"The server is running in : 3000","timestamp":"2021-10-21T23:02:40.705Z"}
{"level":"info","message":"The server is running in : 3000","timestamp":"2021-10-21T23:07:21.329Z"}
{"level":"error","message":"Error [ERR_HTTP_HEADERS_SENT]: Cannot set headers after they are sent to the client","timestamp":"2021-10-21T23:07:26.370Z"}
{"level":"info","message":"The server is running in : 3000","timestamp":"2021-10-21T23:07:44.518Z"}
{"level":"info","message":"The server is running in : 3000","timestamp":"2021-10-21T23:14:30.990Z"}
{"level":"error","message":"Not Found","timestamp":"2021-10-21T23:15:32.713Z"}
{"level":"info","message":"The server is running in : 3000","timestamp":"2021-10-21T23:17:18.925Z"}
{"level":"error","timestamp":"2021-10-21T23:17:25.460Z"}
{"level":"info","message":"The server is running in : 3000","timestamp":"2021-10-21T23:17:44.053Z"}
{"level":"error","timestamp":"2021-10-21T23:18:09.676Z"}
{"level":"error","timestamp":"2021-10-21T23:18:25.046Z"}
{"level":"info","message":"The server is running in : 3000","timestamp":"2021-10-21T23:18:27.445Z"}
{"level":"error","timestamp":"2021-10-21T23:18:28.791Z"}
{"level":"error","timestamp":"2021-10-21T23:18:29.659Z"}
{"level":"error","timestamp":"2021-10-21T23:18:29.956Z"}
{"level":"error","timestamp":"2021-10-21T23:18:30.265Z"}
{"level":"error","timestamp":"2021-10-21T23:18:30.593Z"}
{"level":"info","message":"The server is running in : 3000","timestamp":"2021-10-21T23:18:36.811Z"}
{"level":"info","message":"The server is running in : 3000","timestamp":"2021-10-21T23:19:44.896Z"}
{"level":"error","timestamp":"2021-10-21T23:19:57.296Z"}
{"level":"info","message":"The server is running in : 3000","timestamp":"2021-10-21T23:20:19.427Z"}
{"level":"error","timestamp":"2021-10-21T23:20:28.349Z"}
{"level":"info","message":"The server is running in : 3000","timestamp":"2021-10-21T23:20:35.659Z"}
{"level":"error","timestamp":"2021-10-21T23:20:40.770Z"}
{"level":"info","message":"The server is running in : 3000","timestamp":"2021-10-21T23:20:58.639Z"}
{"level":"error","timestamp":"2021-10-21T23:21:00.461Z"}
{"level":"error","timestamp":"2021-10-21T23:21:12.628Z"}
{"level":"info","message":"The server is running in : 3000","timestamp":"2021-10-21T23:21:14.723Z"}
{"code":"ERR_HTTP_HEADERS_SENT","level":"error","timestamp":"2021-10-21T23:21:15.900Z"}
{"level":"info","message":"The server is running in : 3000","timestamp":"2021-10-21T23:22:11.045Z"}
{"code":"ERR_HTTP_HEADERS_SENT","level":"error","timestamp":"2021-10-21T23:22:14.174Z"}
